#! /usr/bin/vvp
:ivl_version "12.0 (stable)";
:ivl_delay_selection "TYPICAL";
:vpi_time_precision - 9;
:vpi_module "/usr/lib/x86_64-linux-gnu/ivl/system.vpi";
:vpi_module "/usr/lib/x86_64-linux-gnu/ivl/vhdl_sys.vpi";
:vpi_module "/usr/lib/x86_64-linux-gnu/ivl/vhdl_textio.vpi";
:vpi_module "/usr/lib/x86_64-linux-gnu/ivl/v2005_math.vpi";
:vpi_module "/usr/lib/x86_64-linux-gnu/ivl/va_math.vpi";
:vpi_module "/usr/lib/x86_64-linux-gnu/ivl/v2009.vpi";
S_0x7fffe8f8a490 .scope package, "$unit" "$unit" 2 1;
 .timescale 0 0;
enum0x7fffe8faf620 .enum4 (6)
   "ADD_I" 6'b000000,
   "SUB_I" 6'b000001,
   "AND_I" 6'b000010,
   "OR_I" 6'b000011,
   "XOR_I" 6'b000100,
   "SLT_I" 6'b000101,
   "SLTU_I" 6'b000110,
   "SRA_I" 6'b000111,
   "SRL_I" 6'b001000,
   "SLL_I" 6'b001001,
   "MUL_I" 6'b001010,
   "ADDI_I" 6'b001011,
   "ANDI_I" 6'b001100,
   "ORI_I" 6'b001101,
   "XORI_I" 6'b001110,
   "SLTI_I" 6'b001111,
   "SLTIU_I" 6'b010000,
   "SRAI_I" 6'b010001,
   "SRLI_I" 6'b010010,
   "SLLI_I" 6'b010011,
   "LUI_I" 6'b010100,
   "AUIPC_I" 6'b010101,
   "LW_I" 6'b010110,
   "SW_I" 6'b010111,
   "JAL_I" 6'b011000,
   "JR_I" 6'b011001,
   "JALR_I" 6'b011010,
   "BEQ_I" 6'b011011,
   "BNE_I" 6'b011100,
   "BLT_I" 6'b011101,
   "BGE_I" 6'b011110,
   "BLTU_I" 6'b011111,
   "BGEU_I" 6'b100000,
   "INVALID_I" 6'b100001
 ;
S_0x7fffe8f8a620 .scope module, "free_preg_queue_tb" "free_preg_queue_tb" 3 3;
 .timescale -9 -9;
v0x7fffe90022b0_0 .var "clk", 0 0;
v0x7fffe9002370_0 .net "empty", 0 0, L_0x7fffe8fd8c80;  1 drivers
v0x7fffe9002410_0 .net "full", 0 0, L_0x7fffe8fde400;  1 drivers
v0x7fffe90024b0_0 .var "preg_in", 6 0;
v0x7fffe9002580_0 .net "preg_out", 6 0, L_0x7fffe9004790;  1 drivers
v0x7fffe9002620_0 .var "r_en", 0 0;
v0x7fffe90026f0_0 .var "rst_n", 0 0;
v0x7fffe90027c0_0 .var "w_en", 0 0;
v0x7fffe9003c50_0 .var "clk", 0 0;
v0x7fffe9003cf0_0 .net "empty", 0 0, L_0x7fffe9004a80;  1 drivers
v0x7fffe9003dc0_0 .net "full", 0 0, L_0x7fffe9004940;  1 drivers
v0x7fffe9003e90_0 .var "preg_in", 6 0;
v0x7fffe9003f60_0 .net "preg_out", 6 0, L_0x7fffe9004f40;  1 drivers
v0x7fffe9004030_0 .var "r_en", 0 0;
v0x7fffe9004100_0 .var "rst_n", 0 0;
v0x7fffe90041d0_0 .var "w_en", 0 0;
S_0x7fffe9002890 .scope module, "DUT" "free_preg_queue" 3 18, 4 3 0, S_0x7fffe8f8a620;
 .timescale -9 -9;
    .port_info 0 /INPUT 1 "clk";
    .port_info 1 /INPUT 1 "rst_n";
    .port_info 2 /INPUT 1 "w_en";
    .port_info 3 /INPUT 1 "r_en";
    .port_info 4 /INPUT 7 "preg_in";
    .port_info 5 /OUTPUT 7 "preg_out";
    .port_info 6 /OUTPUT 1 "full";
    .port_info 7 /OUTPUT 1 "empty";
P_0x7fffe9002a20 .param/l "DEPTH" 0 4 4, +C4<00000000000000000000000010000000>;
L_0x7fffe8fde400 .functor AND 1, v0x7fffe9001a50_0, L_0x7fffe90042a0, C4<1>, C4<1>;
L_0x7fffe8fd8c80 .functor AND 1, v0x7fffe9001a50_0, v0x7fffe9001810_0, C4<1>, C4<1>;
L_0x7fffe9004790 .functor BUFZ 7, L_0x7fffe9004490, C4<0000000>, C4<0000000>, C4<0000000>;
L_0x7fffe9004940 .functor AND 1, v0x7fffe90033f0_0, L_0x7fffe90048a0, C4<1>, C4<1>;
L_0x7fffe9004a80 .functor AND 1, v0x7fffe90033f0_0, v0x7fffe90031b0_0, C4<1>, C4<1>;
L_0x7fffe9004f40 .functor BUFZ 7, L_0x7fffe9004be0, C4<0000000>, C4<0000000>, C4<0000000>;
v0x7fffe9002c30_0 .net *"_ivl_1", 0 0, L_0x7fffe90048a0;  1 drivers
v0x7fffe9002cd0_0 .net *"_ivl_10", 8 0, L_0x7fffe9004d60;  1 drivers
L_0x7ffc87bc0060 .functor BUFT 1, C4<00>, C4<0>, C4<0>, C4<0>;
v0x7fffe9002d70_0 .net *"_ivl_13", 1 0, L_0x7ffc87bc0060;  1 drivers
v0x7fffe9002e40_0 .net *"_ivl_6", 6 0, L_0x7fffe9004be0;  1 drivers
v0x7fffe9002f00_0 .net *"_ivl_9", 6 0, L_0x7fffe9004cc0;  1 drivers
v0x7fffe9003030_0 .net "clk", 0 0, v0x7fffe9003c50_0;  1 drivers
v0x7fffe90030f0_0 .net "empty", 0 0, L_0x7fffe9004a80;  alias, 1 drivers
v0x7fffe90031b0_0 .var "empty_int", 0 0;
v0x7fffe9003270 .array "free_queue", 127 0, 6 0;
v0x7fffe9003330_0 .net "full", 0 0, L_0x7fffe9004940;  alias, 1 drivers
v0x7fffe90033f0_0 .var "full_or_empty", 0 0;
v0x7fffe90034b0_0 .net "preg_in", 6 0, v0x7fffe9003e90_0;  1 drivers
v0x7fffe9003590_0 .var "preg_num", 6 0;
v0x7fffe9003670_0 .net "preg_out", 6 0, L_0x7fffe9004f40;  alias, 1 drivers
v0x7fffe9003750_0 .net "r_en", 0 0, v0x7fffe9004030_0;  1 drivers
v0x7fffe9003810_0 .var "r_ptr", 7 0;
v0x7fffe90038f0_0 .net "rst_n", 0 0, v0x7fffe9004100_0;  1 drivers
v0x7fffe90039b0_0 .net "w_en", 0 0, v0x7fffe90041d0_0;  1 drivers
v0x7fffe9003a70_0 .var "w_ptr", 7 0;
E_0x7fffe8fc97b0 .event posedge, v0x7fffe9001690_0;
L_0x7fffe90042a0 .reduce/nor v0x7fffe9001810_0;
L_0x7fffe9004490 .array/port v0x7fffe9003270, L_0x7fffe90045d0;
L_0x7fffe9004530 .part v0x7fffe9001e70_0, 0, 7;
L_0x7ffc87bc0018 .functor BUFT 1, C4<00>, C4<0>, C4<0>, C4<0>;
L_0x7fffe90045d0 .concat [ 7 2 0 0], L_0x7fffe9004530, L_0x7ffc87bc0018;
L_0x7fffe90048a0 .reduce/nor v0x7fffe90031b0_0;
L_0x7fffe9004be0 .array/port v0x7fffe9003270, L_0x7fffe9004d60;
L_0x7fffe9004cc0 .part v0x7fffe9003810_0, 0, 7;
L_0x7fffe9004d60 .concat [ 7 2 0 0], L_0x7fffe9004cc0, L_0x7ffc87bc0060;
S_0x7fffe8fc8b00 .scope module, "free_preg_queue_tb" "free_preg_queue_tb" 3 3;
 .timescale -9 -9;
    .scope S_0x7fffe9002890;
T_0 ;
    %load/vec4 v0x7fffe9003a70_0;
    %parti/s 1, 7, 4;
    %load/vec4 v0x7fffe9003810_0;
    %parti/s 1, 7, 4;
    %cmp/e;
    %flag_get/vec4 4;
    %store/vec4 v0x7fffe90031b0_0, 0, 1;
    %load/vec4 v0x7fffe9003a70_0;
    %parti/s 7, 0, 2;
    %load/vec4 v0x7fffe9003810_0;
    %parti/s 7, 0, 2;
    %cmp/e;
    %flag_get/vec4 4;
    %store/vec4 v0x7fffe90033f0_0, 0, 1;
    %end;
    .thread T_0, $init;
    .scope S_0x7fffe9002890;
T_1 ;
    %wait E_0x7fffe8fc97b0;
    %load/vec4 v0x7fffe90038f0_0;
    %flag_set/vec4 8;
    %jmp/0xz  T_1.0, 8;
    %pushi/vec4 128, 0, 8;
    %assign/vec4 v0x7fffe9003a70_0, 0;
    %pushi/vec4 0, 0, 7;
    %store/vec4 v0x7fffe9003590_0, 0, 7;
T_1.2 ;
    %load/vec4 v0x7fffe9003590_0;
    %cmpi/u 64, 0, 7;
    %jmp/0xz T_1.3, 5;
    %load/vec4 v0x7fffe9003590_0;
    %load/vec4 v0x7fffe9003590_0;
    %pad/u 9;
    %ix/vec4 3;
    %ix/load 4, 0, 0; Constant delay
    %assign/vec4/a/d v0x7fffe9003270, 0, 4;
    ; show_stmt_assign_vector: Get l-value for compressed += operand
    %load/vec4 v0x7fffe9003590_0;
    %pushi/vec4 1, 0, 7;
    %add;
    %store/vec4 v0x7fffe9003590_0, 0, 7;
    %jmp T_1.2;
T_1.3 ;
    %jmp T_1.1;
T_1.0 ;
    %load/vec4 v0x7fffe90039b0_0;
    %load/vec4 v0x7fffe9003330_0;
    %nor/r;
    %and;
    %flag_set/vec4 8;
    %jmp/0xz  T_1.4, 8;
    %load/vec4 v0x7fffe9003a70_0;
    %addi 1, 0, 8;
    %assign/vec4 v0x7fffe9003a70_0, 0;
    %load/vec4 v0x7fffe90034b0_0;
    %load/vec4 v0x7fffe9003a70_0;
    %parti/s 7, 0, 2;
    %pad/u 9;
    %ix/vec4 3;
    %ix/load 4, 0, 0; Constant delay
    %assign/vec4/a/d v0x7fffe9003270, 0, 4;
T_1.4 ;
T_1.1 ;
    %jmp T_1;
    .thread T_1;
    .scope S_0x7fffe9002890;
T_2 ;
    %wait E_0x7fffe8fc97b0;
    %load/vec4 v0x7fffe90038f0_0;
    %flag_set/vec4 8;
    %jmp/0xz  T_2.0, 8;
    %pushi/vec4 0, 0, 8;
    %assign/vec4 v0x7fffe9003810_0, 0;
    %jmp T_2.1;
T_2.0 ;
    %load/vec4 v0x7fffe9003750_0;
    %load/vec4 v0x7fffe90030f0_0;
    %nor/r;
    %and;
    %flag_set/vec4 8;
    %jmp/0xz  T_2.2, 8;
    %load/vec4 v0x7fffe9003810_0;
    %addi 1, 0, 8;
    %assign/vec4 v0x7fffe9003810_0, 0;
T_2.2 ;
T_2.1 ;
    %jmp T_2;
    .thread T_2;
    .scope S_0x7fffe8f8a620;
T_3 ;
    %vpi_call/w 3 31 "$dumpfile", "Core_Simulation.sv" {0 0 0};
    %vpi_call/w 3 32 "$dumpvars", 32'sb00000000000000000000000000000000, S_0x7fffe8f8a620 {0 0 0};
    %pushi/vec4 0, 0, 1;
    %store/vec4 v0x7fffe90022b0_0, 0, 1;
    %pushi/vec4 0, 0, 1;
    %store/vec4 v0x7fffe90027c0_0, 0, 1;
    %pushi/vec4 0, 0, 1;
    %store/vec4 v0x7fffe9002620_0, 0, 1;
    %pushi/vec4 0, 0, 7;
    %store/vec4 v0x7fffe90024b0_0, 0, 7;
    %pushi/vec4 1, 0, 1;
    %store/vec4 v0x7fffe90026f0_0, 0, 1;
    %delay 5, 0;
    %pushi/vec4 0, 0, 1;
    %store/vec4 v0x7fffe90026f0_0, 0, 1;
    %pushi/vec4 1, 0, 1;
    %store/vec4 v0x7fffe9002620_0, 0, 1;
    %delay 50, 0;
    %vpi_call/w 3 45 "$finish" {0 0 0};
    %end;
    .thread T_3;
    .scope S_0x7fffe8f8a620;
T_4 ;
    %delay 1, 0;
    %load/vec4 v0x7fffe90022b0_0;
    %inv;
    %store/vec4 v0x7fffe90022b0_0, 0, 1;
    %jmp T_4;
    .thread T_4;
    .scope S_0x7fffe9002890;
T_5 ;
    %load/vec4 v0x7fffe9003a70_0;
    %parti/s 1, 7, 4;
    %load/vec4 v0x7fffe9003810_0;
    %parti/s 1, 7, 4;
    %cmp/e;
    %flag_get/vec4 4;
    %store/vec4 v0x7fffe90031b0_0, 0, 1;
    %load/vec4 v0x7fffe9003a70_0;
    %parti/s 7, 0, 2;
    %load/vec4 v0x7fffe9003810_0;
    %parti/s 7, 0, 2;
    %cmp/e;
    %flag_get/vec4 4;
    %store/vec4 v0x7fffe90033f0_0, 0, 1;
    %end;
    .thread T_5, $init;
    .scope S_0x7fffe9002890;
T_6 ;
    %wait E_0x7fffe8fc97b0;
    %load/vec4 v0x7fffe90038f0_0;
    %flag_set/vec4 8;
    %jmp/0xz  T_6.0, 8;
    %pushi/vec4 128, 0, 8;
    %assign/vec4 v0x7fffe9003a70_0, 0;
    %pushi/vec4 0, 0, 7;
    %store/vec4 v0x7fffe9003590_0, 0, 7;
T_6.2 ;
    %load/vec4 v0x7fffe9003590_0;
    %cmpi/u 64, 0, 7;
    %jmp/0xz T_6.3, 5;
    %load/vec4 v0x7fffe9003590_0;
    %load/vec4 v0x7fffe9003590_0;
    %pad/u 9;
    %ix/vec4 3;
    %ix/load 4, 0, 0; Constant delay
    %assign/vec4/a/d v0x7fffe9003270, 0, 4;
    ; show_stmt_assign_vector: Get l-value for compressed += operand
    %load/vec4 v0x7fffe9003590_0;
    %pushi/vec4 1, 0, 7;
    %add;
    %store/vec4 v0x7fffe9003590_0, 0, 7;
    %jmp T_6.2;
T_6.3 ;
    %jmp T_6.1;
T_6.0 ;
    %load/vec4 v0x7fffe90039b0_0;
    %load/vec4 v0x7fffe9003330_0;
    %nor/r;
    %and;
    %flag_set/vec4 8;
    %jmp/0xz  T_6.4, 8;
    %load/vec4 v0x7fffe9003a70_0;
    %addi 1, 0, 8;
    %assign/vec4 v0x7fffe9003a70_0, 0;
    %load/vec4 v0x7fffe90034b0_0;
    %load/vec4 v0x7fffe9003a70_0;
    %parti/s 7, 0, 2;
    %pad/u 9;
    %ix/vec4 3;
    %ix/load 4, 0, 0; Constant delay
    %assign/vec4/a/d v0x7fffe9003270, 0, 4;
T_6.4 ;
T_6.1 ;
    %jmp T_6;
    .thread T_6;
    .scope S_0x7fffe9002890;
T_7 ;
    %wait E_0x7fffe8fc97b0;
    %load/vec4 v0x7fffe90038f0_0;
    %flag_set/vec4 8;
    %jmp/0xz  T_7.0, 8;
    %pushi/vec4 0, 0, 8;
    %assign/vec4 v0x7fffe9003810_0, 0;
    %jmp T_7.1;
T_7.0 ;
    %load/vec4 v0x7fffe9003750_0;
    %load/vec4 v0x7fffe90030f0_0;
    %nor/r;
    %and;
    %flag_set/vec4 8;
    %jmp/0xz  T_7.2, 8;
    %load/vec4 v0x7fffe9003810_0;
    %addi 1, 0, 8;
    %assign/vec4 v0x7fffe9003810_0, 0;
T_7.2 ;
T_7.1 ;
    %jmp T_7;
    .thread T_7;
    .scope S_0x7fffe8f8a620;
T_8 ;
    %vpi_call/w 3 31 "$dumpfile", "Core_Simulation.sv" {0 0 0};
    %vpi_call/w 3 32 "$dumpvars", 32'sb00000000000000000000000000000000, S_0x7fffe8f8a620 {0 0 0};
    %pushi/vec4 0, 0, 1;
    %store/vec4 v0x7fffe90022b0_0, 0, 1;
    %pushi/vec4 0, 0, 1;
    %store/vec4 v0x7fffe90027c0_0, 0, 1;
    %pushi/vec4 0, 0, 1;
    %store/vec4 v0x7fffe9002620_0, 0, 1;
    %pushi/vec4 0, 0, 7;
    %store/vec4 v0x7fffe90024b0_0, 0, 7;
    %pushi/vec4 1, 0, 1;
    %store/vec4 v0x7fffe90026f0_0, 0, 1;
    %delay 5, 0;
    %pushi/vec4 0, 0, 1;
    %store/vec4 v0x7fffe90026f0_0, 0, 1;
    %pushi/vec4 1, 0, 1;
    %store/vec4 v0x7fffe9002620_0, 0, 1;
    %delay 50, 0;
    %vpi_call/w 3 45 "$finish" {0 0 0};
    %end;
    .thread T_8;
    .scope S_0x7fffe8f8a620;
T_9 ;
    %delay 1, 0;
    %load/vec4 v0x7fffe90022b0_0;
    %inv;
    %store/vec4 v0x7fffe90022b0_0, 0, 1;
    %jmp T_9;
    .thread T_9;
# The file index is used to find the file name in the following table.
:file_names 5;
    "N/A";
    "<interactive>";
    "-";
    "sim/free_preg_queue_tb.sv";
    "src/free_preg_queue.sv";
